{
  message: 'Redis has been connected',
  level: 'info',
  timestamp: '24-07-2025 11:10:45'
}
{
  message: 'MongoDB connected',
  level: 'info',
  timestamp: '24-07-2025 11:10:45'
}
{
  message: 'Server running on port http://localhost:5000',
  level: 'info',
  timestamp: '24-07-2025 11:10:45'
}
{
  message: 'Redis has been connected',
  level: 'info',
  timestamp: '24-07-2025 11:12:39'
}
{
  message: 'Redis has been connected',
  level: 'info',
  timestamp: '24-07-2025 11:12:44'
}
{
  message: 'MongoDB connected',
  level: 'info',
  timestamp: '24-07-2025 11:12:45'
}
{
  message: 'Server running on port http://localhost:5000',
  level: 'info',
  timestamp: '24-07-2025 11:12:45'
}
{
  message: '_________________________',
  level: 'info',
  timestamp: '24-07-2025 11:12:45'
}
